{"C:\\Users\\Moksh\\Documents\\QA project\\Queue frontend-backend\\QA-Help-Queue-App\\Frontend\\React\\queue\\src\\Components\\Queue.jsx": {"path":"C:\\Users\\Moksh\\Documents\\QA project\\Queue frontend-backend\\QA-Help-Queue-App\\Frontend\\React\\queue\\src\\Components\\Queue.jsx","statementMap":{"0":{"start":{"line":5,"column":14},"end":{"line":115,"column":3}},"1":{"start":{"line":6,"column":22},"end":{"line":6,"column":27}},"2":{"start":{"line":10,"column":26},"end":{"line":10,"column":38}},"3":{"start":{"line":12,"column":19},"end":{"line":12,"column":21}},"4":{"start":{"line":13,"column":19},"end":{"line":13,"column":21}},"5":{"start":{"line":14,"column":19},"end":{"line":14,"column":21}},"6":{"start":{"line":15,"column":19},"end":{"line":15,"column":21}},"7":{"start":{"line":16,"column":19},"end":{"line":16,"column":21}},"8":{"start":{"line":18,"column":21},"end":{"line":18,"column":23}},"9":{"start":{"line":19,"column":21},"end":{"line":19,"column":23}},"10":{"start":{"line":20,"column":21},"end":{"line":20,"column":23}},"11":{"start":{"line":21,"column":21},"end":{"line":21,"column":23}},"12":{"start":{"line":22,"column":21},"end":{"line":22,"column":23}},"13":{"start":{"line":24,"column":2},"end":{"line":31,"column":3}},"14":{"start":{"line":25,"column":4},"end":{"line":30,"column":7}},"15":{"start":{"line":27,"column":8},"end":{"line":27,"column":34}},"16":{"start":{"line":28,"column":8},"end":{"line":28,"column":31}},"17":{"start":{"line":29,"column":8},"end":{"line":29,"column":29}},"18":{"start":{"line":33,"column":2},"end":{"line":35,"column":3}},"19":{"start":{"line":34,"column":4},"end":{"line":34,"column":62}},"20":{"start":{"line":34,"column":37},"end":{"line":34,"column":60}},"21":{"start":{"line":37,"column":2},"end":{"line":39,"column":3}},"22":{"start":{"line":38,"column":4},"end":{"line":38,"column":62}},"23":{"start":{"line":38,"column":37},"end":{"line":38,"column":60}},"24":{"start":{"line":41,"column":2},"end":{"line":43,"column":3}},"25":{"start":{"line":42,"column":4},"end":{"line":42,"column":62}},"26":{"start":{"line":42,"column":37},"end":{"line":42,"column":60}},"27":{"start":{"line":45,"column":2},"end":{"line":47,"column":3}},"28":{"start":{"line":46,"column":4},"end":{"line":46,"column":62}},"29":{"start":{"line":46,"column":37},"end":{"line":46,"column":60}},"30":{"start":{"line":49,"column":2},"end":{"line":51,"column":3}},"31":{"start":{"line":50,"column":4},"end":{"line":50,"column":62}},"32":{"start":{"line":50,"column":37},"end":{"line":50,"column":60}},"33":{"start":{"line":53,"column":18},"end":{"line":53,"column":83}},"34":{"start":{"line":55,"column":2},"end":{"line":57,"column":3}},"35":{"start":{"line":56,"column":4},"end":{"line":56,"column":64}},"36":{"start":{"line":56,"column":44},"end":{"line":56,"column":62}},"37":{"start":{"line":59,"column":2},"end":{"line":61,"column":3}},"38":{"start":{"line":60,"column":4},"end":{"line":60,"column":64}},"39":{"start":{"line":60,"column":44},"end":{"line":60,"column":62}},"40":{"start":{"line":63,"column":2},"end":{"line":65,"column":3}},"41":{"start":{"line":64,"column":4},"end":{"line":64,"column":64}},"42":{"start":{"line":64,"column":44},"end":{"line":64,"column":62}},"43":{"start":{"line":67,"column":2},"end":{"line":69,"column":3}},"44":{"start":{"line":68,"column":4},"end":{"line":68,"column":64}},"45":{"start":{"line":68,"column":44},"end":{"line":68,"column":62}},"46":{"start":{"line":71,"column":2},"end":{"line":73,"column":3}},"47":{"start":{"line":72,"column":4},"end":{"line":72,"column":64}},"48":{"start":{"line":72,"column":44},"end":{"line":72,"column":62}},"49":{"start":{"line":75,"column":20},"end":{"line":75,"column":95}},"50":{"start":{"line":77,"column":18},"end":{"line":79,"column":3}},"51":{"start":{"line":78,"column":4},"end":{"line":78,"column":72}},"52":{"start":{"line":81,"column":18},"end":{"line":83,"column":3}},"53":{"start":{"line":82,"column":4},"end":{"line":82,"column":70}},"54":{"start":{"line":85,"column":18},"end":{"line":87,"column":3}},"55":{"start":{"line":86,"column":4},"end":{"line":86,"column":76}},"56":{"start":{"line":89,"column":15},"end":{"line":89,"column":38}},"57":{"start":{"line":94,"column":4},"end":{"line":114,"column":6}},"58":{"start":{"line":100,"column":12},"end":{"line":101,"column":164}},"59":{"start":{"line":101,"column":14},"end":{"line":101,"column":164}},"60":{"start":{"line":108,"column":10},"end":{"line":109,"column":142}},"61":{"start":{"line":109,"column":12},"end":{"line":109,"column":142}}},"fnMap":{"0":{"name":"(anonymous_0)","decl":{"start":{"line":5,"column":14},"end":{"line":5,"column":15}},"loc":{"start":{"line":5,"column":25},"end":{"line":115,"column":3}},"line":5},"1":{"name":"(anonymous_1)","decl":{"start":{"line":26,"column":10},"end":{"line":26,"column":11}},"loc":{"start":{"line":26,"column":22},"end":{"line":30,"column":5}},"line":26},"2":{"name":"(anonymous_2)","decl":{"start":{"line":34,"column":29},"end":{"line":34,"column":30}},"loc":{"start":{"line":34,"column":37},"end":{"line":34,"column":60}},"line":34},"3":{"name":"(anonymous_3)","decl":{"start":{"line":38,"column":29},"end":{"line":38,"column":30}},"loc":{"start":{"line":38,"column":37},"end":{"line":38,"column":60}},"line":38},"4":{"name":"(anonymous_4)","decl":{"start":{"line":42,"column":29},"end":{"line":42,"column":30}},"loc":{"start":{"line":42,"column":37},"end":{"line":42,"column":60}},"line":42},"5":{"name":"(anonymous_5)","decl":{"start":{"line":46,"column":29},"end":{"line":46,"column":30}},"loc":{"start":{"line":46,"column":37},"end":{"line":46,"column":60}},"line":46},"6":{"name":"(anonymous_6)","decl":{"start":{"line":50,"column":29},"end":{"line":50,"column":30}},"loc":{"start":{"line":50,"column":37},"end":{"line":50,"column":60}},"line":50},"7":{"name":"(anonymous_7)","decl":{"start":{"line":56,"column":36},"end":{"line":56,"column":37}},"loc":{"start":{"line":56,"column":44},"end":{"line":56,"column":62}},"line":56},"8":{"name":"(anonymous_8)","decl":{"start":{"line":60,"column":36},"end":{"line":60,"column":37}},"loc":{"start":{"line":60,"column":44},"end":{"line":60,"column":62}},"line":60},"9":{"name":"(anonymous_9)","decl":{"start":{"line":64,"column":36},"end":{"line":64,"column":37}},"loc":{"start":{"line":64,"column":44},"end":{"line":64,"column":62}},"line":64},"10":{"name":"(anonymous_10)","decl":{"start":{"line":68,"column":36},"end":{"line":68,"column":37}},"loc":{"start":{"line":68,"column":44},"end":{"line":68,"column":62}},"line":68},"11":{"name":"(anonymous_11)","decl":{"start":{"line":72,"column":36},"end":{"line":72,"column":37}},"loc":{"start":{"line":72,"column":44},"end":{"line":72,"column":62}},"line":72},"12":{"name":"(anonymous_12)","decl":{"start":{"line":77,"column":37},"end":{"line":77,"column":38}},"loc":{"start":{"line":78,"column":4},"end":{"line":78,"column":72}},"line":78},"13":{"name":"(anonymous_13)","decl":{"start":{"line":81,"column":33},"end":{"line":81,"column":34}},"loc":{"start":{"line":82,"column":4},"end":{"line":82,"column":70}},"line":82},"14":{"name":"(anonymous_14)","decl":{"start":{"line":85,"column":33},"end":{"line":85,"column":34}},"loc":{"start":{"line":86,"column":4},"end":{"line":86,"column":76}},"line":86},"15":{"name":"(anonymous_15)","decl":{"start":{"line":99,"column":20},"end":{"line":99,"column":21}},"loc":{"start":{"line":99,"column":30},"end":{"line":102,"column":11}},"line":99},"16":{"name":"(anonymous_16)","decl":{"start":{"line":107,"column":20},"end":{"line":107,"column":21}},"loc":{"start":{"line":107,"column":30},"end":{"line":110,"column":10}},"line":107}},"branchMap":{"0":{"loc":{"start":{"line":24,"column":2},"end":{"line":31,"column":3}},"type":"if","locations":[{"start":{"line":24,"column":2},"end":{"line":31,"column":3}},{"start":{"line":24,"column":2},"end":{"line":31,"column":3}}],"line":24},"1":{"loc":{"start":{"line":33,"column":2},"end":{"line":35,"column":3}},"type":"if","locations":[{"start":{"line":33,"column":2},"end":{"line":35,"column":3}},{"start":{"line":33,"column":2},"end":{"line":35,"column":3}}],"line":33},"2":{"loc":{"start":{"line":37,"column":2},"end":{"line":39,"column":3}},"type":"if","locations":[{"start":{"line":37,"column":2},"end":{"line":39,"column":3}},{"start":{"line":37,"column":2},"end":{"line":39,"column":3}}],"line":37},"3":{"loc":{"start":{"line":41,"column":2},"end":{"line":43,"column":3}},"type":"if","locations":[{"start":{"line":41,"column":2},"end":{"line":43,"column":3}},{"start":{"line":41,"column":2},"end":{"line":43,"column":3}}],"line":41},"4":{"loc":{"start":{"line":45,"column":2},"end":{"line":47,"column":3}},"type":"if","locations":[{"start":{"line":45,"column":2},"end":{"line":47,"column":3}},{"start":{"line":45,"column":2},"end":{"line":47,"column":3}}],"line":45},"5":{"loc":{"start":{"line":49,"column":2},"end":{"line":51,"column":3}},"type":"if","locations":[{"start":{"line":49,"column":2},"end":{"line":51,"column":3}},{"start":{"line":49,"column":2},"end":{"line":51,"column":3}}],"line":49},"6":{"loc":{"start":{"line":55,"column":2},"end":{"line":57,"column":3}},"type":"if","locations":[{"start":{"line":55,"column":2},"end":{"line":57,"column":3}},{"start":{"line":55,"column":2},"end":{"line":57,"column":3}}],"line":55},"7":{"loc":{"start":{"line":59,"column":2},"end":{"line":61,"column":3}},"type":"if","locations":[{"start":{"line":59,"column":2},"end":{"line":61,"column":3}},{"start":{"line":59,"column":2},"end":{"line":61,"column":3}}],"line":59},"8":{"loc":{"start":{"line":63,"column":2},"end":{"line":65,"column":3}},"type":"if","locations":[{"start":{"line":63,"column":2},"end":{"line":65,"column":3}},{"start":{"line":63,"column":2},"end":{"line":65,"column":3}}],"line":63},"9":{"loc":{"start":{"line":67,"column":2},"end":{"line":69,"column":3}},"type":"if","locations":[{"start":{"line":67,"column":2},"end":{"line":69,"column":3}},{"start":{"line":67,"column":2},"end":{"line":69,"column":3}}],"line":67},"10":{"loc":{"start":{"line":71,"column":2},"end":{"line":73,"column":3}},"type":"if","locations":[{"start":{"line":71,"column":2},"end":{"line":73,"column":3}},{"start":{"line":71,"column":2},"end":{"line":73,"column":3}}],"line":71},"11":{"loc":{"start":{"line":100,"column":12},"end":{"line":101,"column":164}},"type":"if","locations":[{"start":{"line":100,"column":12},"end":{"line":101,"column":164}},{"start":{"line":100,"column":12},"end":{"line":101,"column":164}}],"line":100},"12":{"loc":{"start":{"line":108,"column":10},"end":{"line":109,"column":142}},"type":"if","locations":[{"start":{"line":108,"column":10},"end":{"line":109,"column":142}},{"start":{"line":108,"column":10},"end":{"line":109,"column":142}}],"line":108}},"s":{"0":2,"1":1,"2":1,"3":1,"4":1,"5":1,"6":1,"7":1,"8":1,"9":1,"10":1,"11":1,"12":1,"13":1,"14":1,"15":0,"16":0,"17":0,"18":1,"19":1,"20":0,"21":1,"22":1,"23":0,"24":1,"25":1,"26":0,"27":1,"28":1,"29":0,"30":1,"31":1,"32":0,"33":1,"34":1,"35":1,"36":0,"37":1,"38":1,"39":0,"40":1,"41":1,"42":0,"43":1,"44":1,"45":0,"46":1,"47":1,"48":0,"49":1,"50":1,"51":0,"52":1,"53":0,"54":1,"55":0,"56":1,"57":1,"58":0,"59":0,"60":0,"61":0},"f":{"0":1,"1":0,"2":0,"3":0,"4":0,"5":0,"6":0,"7":0,"8":0,"9":0,"10":0,"11":0,"12":0,"13":0,"14":0,"15":0,"16":0},"b":{"0":[1,0],"1":[1,0],"2":[1,0],"3":[1,0],"4":[1,0],"5":[1,0],"6":[1,0],"7":[1,0],"8":[1,0],"9":[1,0],"10":[1,0],"11":[0,0],"12":[0,0]},"_coverageSchema":"1a1c01bbd47fc00a2c39e90264f33305004495a9","hash":"95b276239d9e72992449b942ad244ff9502bb434"}
,"C:\\Users\\Moksh\\Documents\\QA project\\Queue frontend-backend\\QA-Help-Queue-App\\Frontend\\React\\queue\\src\\Components\\Ticket.jsx": {"path":"C:\\Users\\Moksh\\Documents\\QA project\\Queue frontend-backend\\QA-Help-Queue-App\\Frontend\\React\\queue\\src\\Components\\Ticket.jsx","statementMap":{"0":{"start":{"line":8,"column":15},"end":{"line":260,"column":1}},"1":{"start":{"line":10,"column":17},"end":{"line":10,"column":27}},"2":{"start":{"line":11,"column":22},"end":{"line":11,"column":37}},"3":{"start":{"line":14,"column":22},"end":{"line":14,"column":27}},"4":{"start":{"line":15,"column":22},"end":{"line":15,"column":27}},"5":{"start":{"line":16,"column":22},"end":{"line":16,"column":27}},"6":{"start":{"line":17,"column":22},"end":{"line":17,"column":27}},"7":{"start":{"line":18,"column":22},"end":{"line":18,"column":27}},"8":{"start":{"line":19,"column":24},"end":{"line":19,"column":29}},"9":{"start":{"line":20,"column":24},"end":{"line":20,"column":29}},"10":{"start":{"line":21,"column":24},"end":{"line":21,"column":29}},"11":{"start":{"line":22,"column":24},"end":{"line":22,"column":29}},"12":{"start":{"line":23,"column":24},"end":{"line":23,"column":29}},"13":{"start":{"line":24,"column":24},"end":{"line":24,"column":37}},"14":{"start":{"line":25,"column":26},"end":{"line":25,"column":36}},"15":{"start":{"line":26,"column":28},"end":{"line":26,"column":40}},"16":{"start":{"line":29,"column":30},"end":{"line":29,"column":45}},"17":{"start":{"line":30,"column":32},"end":{"line":30,"column":47}},"18":{"start":{"line":31,"column":34},"end":{"line":31,"column":55}},"19":{"start":{"line":32,"column":38},"end":{"line":32,"column":50}},"20":{"start":{"line":33,"column":44},"end":{"line":33,"column":70}},"21":{"start":{"line":34,"column":30},"end":{"line":34,"column":42}},"22":{"start":{"line":35,"column":32},"end":{"line":35,"column":52}},"23":{"start":{"line":36,"column":32},"end":{"line":36,"column":52}},"24":{"start":{"line":37,"column":36},"end":{"line":37,"column":58}},"25":{"start":{"line":40,"column":15},"end":{"line":40,"column":42}},"26":{"start":{"line":41,"column":16},"end":{"line":41,"column":31}},"27":{"start":{"line":42,"column":15},"end":{"line":42,"column":37}},"28":{"start":{"line":49,"column":4},"end":{"line":53,"column":5}},"29":{"start":{"line":50,"column":6},"end":{"line":50,"column":23}},"30":{"start":{"line":52,"column":6},"end":{"line":52,"column":22}},"31":{"start":{"line":56,"column":22},"end":{"line":56,"column":35}},"32":{"start":{"line":59,"column":19},"end":{"line":59,"column":43}},"33":{"start":{"line":59,"column":25},"end":{"line":59,"column":43}},"34":{"start":{"line":63,"column":17},"end":{"line":81,"column":5}},"35":{"start":{"line":65,"column":19},"end":{"line":73,"column":7}},"36":{"start":{"line":76,"column":6},"end":{"line":80,"column":9}},"37":{"start":{"line":78,"column":8},"end":{"line":78,"column":35}},"38":{"start":{"line":79,"column":8},"end":{"line":79,"column":28}},"39":{"start":{"line":83,"column":20},"end":{"line":89,"column":5}},"40":{"start":{"line":84,"column":6},"end":{"line":88,"column":9}},"41":{"start":{"line":86,"column":8},"end":{"line":86,"column":35}},"42":{"start":{"line":87,"column":8},"end":{"line":87,"column":28}},"43":{"start":{"line":91,"column":25},"end":{"line":110,"column":5}},"44":{"start":{"line":92,"column":6},"end":{"line":92,"column":29}},"45":{"start":{"line":94,"column":19},"end":{"line":102,"column":7}},"46":{"start":{"line":104,"column":6},"end":{"line":109,"column":10}},"47":{"start":{"line":106,"column":10},"end":{"line":106,"column":27}},"48":{"start":{"line":107,"column":10},"end":{"line":107,"column":32}},"49":{"start":{"line":108,"column":10},"end":{"line":108,"column":30}},"50":{"start":{"line":112,"column":19},"end":{"line":112,"column":41}},"51":{"start":{"line":112,"column":25},"end":{"line":112,"column":41}},"52":{"start":{"line":115,"column":6},"end":{"line":119,"column":7}},"53":{"start":{"line":116,"column":8},"end":{"line":116,"column":74}},"54":{"start":{"line":118,"column":8},"end":{"line":118,"column":74}},"55":{"start":{"line":121,"column":6},"end":{"line":125,"column":7}},"56":{"start":{"line":122,"column":8},"end":{"line":122,"column":59}},"57":{"start":{"line":124,"column":8},"end":{"line":124,"column":64}},"58":{"start":{"line":127,"column":6},"end":{"line":137,"column":7}},"59":{"start":{"line":128,"column":8},"end":{"line":128,"column":59}},"60":{"start":{"line":129,"column":13},"end":{"line":137,"column":7}},"61":{"start":{"line":130,"column":8},"end":{"line":130,"column":62}},"62":{"start":{"line":131,"column":12},"end":{"line":137,"column":7}},"63":{"start":{"line":132,"column":8},"end":{"line":132,"column":61}},"64":{"start":{"line":133,"column":12},"end":{"line":137,"column":7}},"65":{"start":{"line":134,"column":8},"end":{"line":134,"column":63}},"66":{"start":{"line":135,"column":12},"end":{"line":137,"column":7}},"67":{"start":{"line":136,"column":8},"end":{"line":136,"column":60}},"68":{"start":{"line":139,"column":6},"end":{"line":154,"column":7}},"69":{"start":{"line":140,"column":8},"end":{"line":140,"column":29}},"70":{"start":{"line":141,"column":8},"end":{"line":141,"column":37}},"71":{"start":{"line":142,"column":13},"end":{"line":154,"column":7}},"72":{"start":{"line":143,"column":8},"end":{"line":143,"column":29}},"73":{"start":{"line":144,"column":8},"end":{"line":144,"column":37}},"74":{"start":{"line":145,"column":12},"end":{"line":154,"column":7}},"75":{"start":{"line":146,"column":8},"end":{"line":146,"column":29}},"76":{"start":{"line":147,"column":8},"end":{"line":147,"column":41}},"77":{"start":{"line":148,"column":12},"end":{"line":154,"column":7}},"78":{"start":{"line":149,"column":8},"end":{"line":149,"column":29}},"79":{"start":{"line":150,"column":8},"end":{"line":150,"column":37}},"80":{"start":{"line":151,"column":12},"end":{"line":154,"column":7}},"81":{"start":{"line":152,"column":8},"end":{"line":152,"column":29}},"82":{"start":{"line":153,"column":8},"end":{"line":153,"column":38}},"83":{"start":{"line":156,"column":6},"end":{"line":166,"column":7}},"84":{"start":{"line":157,"column":8},"end":{"line":157,"column":27}},"85":{"start":{"line":158,"column":13},"end":{"line":166,"column":7}},"86":{"start":{"line":159,"column":8},"end":{"line":159,"column":27}},"87":{"start":{"line":160,"column":12},"end":{"line":166,"column":7}},"88":{"start":{"line":161,"column":8},"end":{"line":161,"column":27}},"89":{"start":{"line":162,"column":12},"end":{"line":166,"column":7}},"90":{"start":{"line":163,"column":8},"end":{"line":163,"column":27}},"91":{"start":{"line":164,"column":12},"end":{"line":166,"column":7}},"92":{"start":{"line":165,"column":8},"end":{"line":165,"column":27}},"93":{"start":{"line":169,"column":4},"end":{"line":258,"column":5}},"94":{"start":{"line":190,"column":106},"end":{"line":190,"column":112}},"95":{"start":{"line":192,"column":84},"end":{"line":192,"column":93}},"96":{"start":{"line":205,"column":109},"end":{"line":205,"column":134}},"97":{"start":{"line":212,"column":106},"end":{"line":212,"column":130}},"98":{"start":{"line":219,"column":128},"end":{"line":219,"column":158}},"99":{"start":{"line":225,"column":100},"end":{"line":225,"column":124}},"100":{"start":{"line":226,"column":100},"end":{"line":226,"column":124}},"101":{"start":{"line":227,"column":100},"end":{"line":227,"column":124}},"102":{"start":{"line":228,"column":100},"end":{"line":228,"column":124}},"103":{"start":{"line":229,"column":100},"end":{"line":229,"column":124}},"104":{"start":{"line":235,"column":99},"end":{"line":235,"column":125}},"105":{"start":{"line":236,"column":100},"end":{"line":236,"column":126}},"106":{"start":{"line":237,"column":100},"end":{"line":237,"column":126}},"107":{"start":{"line":238,"column":100},"end":{"line":238,"column":126}},"108":{"start":{"line":239,"column":100},"end":{"line":239,"column":126}}},"fnMap":{"0":{"name":"(anonymous_0)","decl":{"start":{"line":8,"column":15},"end":{"line":8,"column":16}},"loc":{"start":{"line":8,"column":26},"end":{"line":260,"column":1}},"line":8},"1":{"name":"(anonymous_1)","decl":{"start":{"line":59,"column":19},"end":{"line":59,"column":20}},"loc":{"start":{"line":59,"column":25},"end":{"line":59,"column":43}},"line":59},"2":{"name":"(anonymous_2)","decl":{"start":{"line":63,"column":17},"end":{"line":63,"column":18}},"loc":{"start":{"line":63,"column":23},"end":{"line":81,"column":5}},"line":63},"3":{"name":"(anonymous_3)","decl":{"start":{"line":77,"column":12},"end":{"line":77,"column":13}},"loc":{"start":{"line":77,"column":24},"end":{"line":80,"column":7}},"line":77},"4":{"name":"(anonymous_4)","decl":{"start":{"line":83,"column":20},"end":{"line":83,"column":21}},"loc":{"start":{"line":83,"column":26},"end":{"line":89,"column":5}},"line":83},"5":{"name":"(anonymous_5)","decl":{"start":{"line":85,"column":12},"end":{"line":85,"column":13}},"loc":{"start":{"line":85,"column":24},"end":{"line":88,"column":7}},"line":85},"6":{"name":"(anonymous_6)","decl":{"start":{"line":91,"column":25},"end":{"line":91,"column":26}},"loc":{"start":{"line":91,"column":34},"end":{"line":110,"column":5}},"line":91},"7":{"name":"(anonymous_7)","decl":{"start":{"line":105,"column":14},"end":{"line":105,"column":15}},"loc":{"start":{"line":105,"column":21},"end":{"line":109,"column":9}},"line":105},"8":{"name":"(anonymous_8)","decl":{"start":{"line":112,"column":19},"end":{"line":112,"column":20}},"loc":{"start":{"line":112,"column":25},"end":{"line":112,"column":41}},"line":112},"9":{"name":"(anonymous_9)","decl":{"start":{"line":190,"column":100},"end":{"line":190,"column":101}},"loc":{"start":{"line":190,"column":106},"end":{"line":190,"column":112}},"line":190},"10":{"name":"(anonymous_10)","decl":{"start":{"line":192,"column":78},"end":{"line":192,"column":79}},"loc":{"start":{"line":192,"column":84},"end":{"line":192,"column":93}},"line":192},"11":{"name":"(anonymous_11)","decl":{"start":{"line":205,"column":102},"end":{"line":205,"column":103}},"loc":{"start":{"line":205,"column":109},"end":{"line":205,"column":134}},"line":205},"12":{"name":"(anonymous_12)","decl":{"start":{"line":212,"column":99},"end":{"line":212,"column":100}},"loc":{"start":{"line":212,"column":106},"end":{"line":212,"column":130}},"line":212},"13":{"name":"(anonymous_13)","decl":{"start":{"line":219,"column":121},"end":{"line":219,"column":122}},"loc":{"start":{"line":219,"column":128},"end":{"line":219,"column":158}},"line":219},"14":{"name":"(anonymous_14)","decl":{"start":{"line":225,"column":93},"end":{"line":225,"column":94}},"loc":{"start":{"line":225,"column":100},"end":{"line":225,"column":124}},"line":225},"15":{"name":"(anonymous_15)","decl":{"start":{"line":226,"column":93},"end":{"line":226,"column":94}},"loc":{"start":{"line":226,"column":100},"end":{"line":226,"column":124}},"line":226},"16":{"name":"(anonymous_16)","decl":{"start":{"line":227,"column":93},"end":{"line":227,"column":94}},"loc":{"start":{"line":227,"column":100},"end":{"line":227,"column":124}},"line":227},"17":{"name":"(anonymous_17)","decl":{"start":{"line":228,"column":93},"end":{"line":228,"column":94}},"loc":{"start":{"line":228,"column":100},"end":{"line":228,"column":124}},"line":228},"18":{"name":"(anonymous_18)","decl":{"start":{"line":229,"column":93},"end":{"line":229,"column":94}},"loc":{"start":{"line":229,"column":100},"end":{"line":229,"column":124}},"line":229},"19":{"name":"(anonymous_19)","decl":{"start":{"line":235,"column":92},"end":{"line":235,"column":93}},"loc":{"start":{"line":235,"column":99},"end":{"line":235,"column":125}},"line":235},"20":{"name":"(anonymous_20)","decl":{"start":{"line":236,"column":93},"end":{"line":236,"column":94}},"loc":{"start":{"line":236,"column":100},"end":{"line":236,"column":126}},"line":236},"21":{"name":"(anonymous_21)","decl":{"start":{"line":237,"column":93},"end":{"line":237,"column":94}},"loc":{"start":{"line":237,"column":100},"end":{"line":237,"column":126}},"line":237},"22":{"name":"(anonymous_22)","decl":{"start":{"line":238,"column":93},"end":{"line":238,"column":94}},"loc":{"start":{"line":238,"column":100},"end":{"line":238,"column":126}},"line":238},"23":{"name":"(anonymous_23)","decl":{"start":{"line":239,"column":93},"end":{"line":239,"column":94}},"loc":{"start":{"line":239,"column":100},"end":{"line":239,"column":126}},"line":239}},"branchMap":{"0":{"loc":{"start":{"line":49,"column":4},"end":{"line":53,"column":5}},"type":"if","locations":[{"start":{"line":49,"column":4},"end":{"line":53,"column":5}},{"start":{"line":49,"column":4},"end":{"line":53,"column":5}}],"line":49},"1":{"loc":{"start":{"line":115,"column":6},"end":{"line":119,"column":7}},"type":"if","locations":[{"start":{"line":115,"column":6},"end":{"line":119,"column":7}},{"start":{"line":115,"column":6},"end":{"line":119,"column":7}}],"line":115},"2":{"loc":{"start":{"line":121,"column":6},"end":{"line":125,"column":7}},"type":"if","locations":[{"start":{"line":121,"column":6},"end":{"line":125,"column":7}},{"start":{"line":121,"column":6},"end":{"line":125,"column":7}}],"line":121},"3":{"loc":{"start":{"line":127,"column":6},"end":{"line":137,"column":7}},"type":"if","locations":[{"start":{"line":127,"column":6},"end":{"line":137,"column":7}},{"start":{"line":127,"column":6},"end":{"line":137,"column":7}}],"line":127},"4":{"loc":{"start":{"line":129,"column":13},"end":{"line":137,"column":7}},"type":"if","locations":[{"start":{"line":129,"column":13},"end":{"line":137,"column":7}},{"start":{"line":129,"column":13},"end":{"line":137,"column":7}}],"line":129},"5":{"loc":{"start":{"line":131,"column":12},"end":{"line":137,"column":7}},"type":"if","locations":[{"start":{"line":131,"column":12},"end":{"line":137,"column":7}},{"start":{"line":131,"column":12},"end":{"line":137,"column":7}}],"line":131},"6":{"loc":{"start":{"line":133,"column":12},"end":{"line":137,"column":7}},"type":"if","locations":[{"start":{"line":133,"column":12},"end":{"line":137,"column":7}},{"start":{"line":133,"column":12},"end":{"line":137,"column":7}}],"line":133},"7":{"loc":{"start":{"line":135,"column":12},"end":{"line":137,"column":7}},"type":"if","locations":[{"start":{"line":135,"column":12},"end":{"line":137,"column":7}},{"start":{"line":135,"column":12},"end":{"line":137,"column":7}}],"line":135},"8":{"loc":{"start":{"line":139,"column":6},"end":{"line":154,"column":7}},"type":"if","locations":[{"start":{"line":139,"column":6},"end":{"line":154,"column":7}},{"start":{"line":139,"column":6},"end":{"line":154,"column":7}}],"line":139},"9":{"loc":{"start":{"line":142,"column":13},"end":{"line":154,"column":7}},"type":"if","locations":[{"start":{"line":142,"column":13},"end":{"line":154,"column":7}},{"start":{"line":142,"column":13},"end":{"line":154,"column":7}}],"line":142},"10":{"loc":{"start":{"line":145,"column":12},"end":{"line":154,"column":7}},"type":"if","locations":[{"start":{"line":145,"column":12},"end":{"line":154,"column":7}},{"start":{"line":145,"column":12},"end":{"line":154,"column":7}}],"line":145},"11":{"loc":{"start":{"line":148,"column":12},"end":{"line":154,"column":7}},"type":"if","locations":[{"start":{"line":148,"column":12},"end":{"line":154,"column":7}},{"start":{"line":148,"column":12},"end":{"line":154,"column":7}}],"line":148},"12":{"loc":{"start":{"line":151,"column":12},"end":{"line":154,"column":7}},"type":"if","locations":[{"start":{"line":151,"column":12},"end":{"line":154,"column":7}},{"start":{"line":151,"column":12},"end":{"line":154,"column":7}}],"line":151},"13":{"loc":{"start":{"line":156,"column":6},"end":{"line":166,"column":7}},"type":"if","locations":[{"start":{"line":156,"column":6},"end":{"line":166,"column":7}},{"start":{"line":156,"column":6},"end":{"line":166,"column":7}}],"line":156},"14":{"loc":{"start":{"line":158,"column":13},"end":{"line":166,"column":7}},"type":"if","locations":[{"start":{"line":158,"column":13},"end":{"line":166,"column":7}},{"start":{"line":158,"column":13},"end":{"line":166,"column":7}}],"line":158},"15":{"loc":{"start":{"line":160,"column":12},"end":{"line":166,"column":7}},"type":"if","locations":[{"start":{"line":160,"column":12},"end":{"line":166,"column":7}},{"start":{"line":160,"column":12},"end":{"line":166,"column":7}}],"line":160},"16":{"loc":{"start":{"line":162,"column":12},"end":{"line":166,"column":7}},"type":"if","locations":[{"start":{"line":162,"column":12},"end":{"line":166,"column":7}},{"start":{"line":162,"column":12},"end":{"line":166,"column":7}}],"line":162},"17":{"loc":{"start":{"line":164,"column":12},"end":{"line":166,"column":7}},"type":"if","locations":[{"start":{"line":164,"column":12},"end":{"line":166,"column":7}},{"start":{"line":164,"column":12},"end":{"line":166,"column":7}}],"line":164}},"s":{"0":2,"1":1,"2":1,"3":1,"4":1,"5":1,"6":1,"7":1,"8":1,"9":1,"10":1,"11":1,"12":1,"13":1,"14":1,"15":1,"16":1,"17":1,"18":1,"19":1,"20":1,"21":1,"22":1,"23":1,"24":1,"25":1,"26":1,"27":1,"28":1,"29":0,"30":1,"31":1,"32":1,"33":0,"34":1,"35":0,"36":0,"37":0,"38":0,"39":1,"40":0,"41":0,"42":0,"43":1,"44":0,"45":0,"46":0,"47":0,"48":0,"49":0,"50":1,"51":0,"52":1,"53":0,"54":1,"55":1,"56":1,"57":0,"58":1,"59":1,"60":0,"61":0,"62":0,"63":0,"64":0,"65":0,"66":0,"67":0,"68":1,"69":1,"70":1,"71":0,"72":0,"73":0,"74":0,"75":0,"76":0,"77":0,"78":0,"79":0,"80":0,"81":0,"82":0,"83":1,"84":1,"85":0,"86":0,"87":0,"88":0,"89":0,"90":0,"91":0,"92":0,"93":1,"94":0,"95":0,"96":0,"97":0,"98":0,"99":0,"100":0,"101":0,"102":0,"103":0,"104":0,"105":0,"106":0,"107":0,"108":0},"f":{"0":1,"1":0,"2":0,"3":0,"4":0,"5":0,"6":0,"7":0,"8":0,"9":0,"10":0,"11":0,"12":0,"13":0,"14":0,"15":0,"16":0,"17":0,"18":0,"19":0,"20":0,"21":0,"22":0,"23":0},"b":{"0":[0,1],"1":[0,1],"2":[1,0],"3":[1,0],"4":[0,0],"5":[0,0],"6":[0,0],"7":[0,0],"8":[1,0],"9":[0,0],"10":[0,0],"11":[0,0],"12":[0,0],"13":[1,0],"14":[0,0],"15":[0,0],"16":[0,0],"17":[0,0]},"_coverageSchema":"1a1c01bbd47fc00a2c39e90264f33305004495a9","hash":"3d63eb70ab2e0b33426f20c9a2f1a58be31bfb43"}
}
