{"C:\\Users\\Moksh\\Documents\\QA project\\Queue frontend-backend\\QA-Help-Queue-App\\Frontend\\React\\queue\\src\\App.js": {"path":"C:\\Users\\Moksh\\Documents\\QA project\\Queue frontend-backend\\QA-Help-Queue-App\\Frontend\\React\\queue\\src\\App.js","statementMap":{"0":{"start":{"line":11,"column":38},"end":{"line":11,"column":62}},"1":{"start":{"line":12,"column":38},"end":{"line":12,"column":56}},"2":{"start":{"line":13,"column":48},"end":{"line":13,"column":69}},"3":{"start":{"line":14,"column":46},"end":{"line":14,"column":106}},"4":{"start":{"line":15,"column":42},"end":{"line":15,"column":54}},"5":{"start":{"line":16,"column":40},"end":{"line":16,"column":52}},"6":{"start":{"line":17,"column":34},"end":{"line":17,"column":49}},"7":{"start":{"line":20,"column":29},"end":{"line":22,"column":3}},"8":{"start":{"line":21,"column":4},"end":{"line":21,"column":28}},"9":{"start":{"line":24,"column":38},"end":{"line":32,"column":3}},"10":{"start":{"line":25,"column":18},"end":{"line":25,"column":54}},"11":{"start":{"line":26,"column":4},"end":{"line":30,"column":5}},"12":{"start":{"line":27,"column":6},"end":{"line":27,"column":40}},"13":{"start":{"line":29,"column":6},"end":{"line":29,"column":42}},"14":{"start":{"line":31,"column":4},"end":{"line":31,"column":45}},"15":{"start":{"line":34,"column":37},"end":{"line":42,"column":3}},"16":{"start":{"line":35,"column":18},"end":{"line":35,"column":53}},"17":{"start":{"line":36,"column":4},"end":{"line":40,"column":5}},"18":{"start":{"line":37,"column":6},"end":{"line":37,"column":39}},"19":{"start":{"line":39,"column":6},"end":{"line":39,"column":41}},"20":{"start":{"line":41,"column":4},"end":{"line":41,"column":43}},"21":{"start":{"line":44,"column":25},"end":{"line":46,"column":3}},"22":{"start":{"line":45,"column":4},"end":{"line":45,"column":28}},"23":{"start":{"line":48,"column":23},"end":{"line":50,"column":3}},"24":{"start":{"line":49,"column":4},"end":{"line":49,"column":27}},"25":{"start":{"line":52,"column":2},"end":{"line":81,"column":4}}},"fnMap":{"0":{"name":"App","decl":{"start":{"line":10,"column":9},"end":{"line":10,"column":12}},"loc":{"start":{"line":10,"column":15},"end":{"line":82,"column":1}},"line":10},"1":{"name":"(anonymous_1)","decl":{"start":{"line":20,"column":29},"end":{"line":20,"column":30}},"loc":{"start":{"line":20,"column":43},"end":{"line":22,"column":3}},"line":20},"2":{"name":"(anonymous_2)","decl":{"start":{"line":24,"column":38},"end":{"line":24,"column":39}},"loc":{"start":{"line":24,"column":52},"end":{"line":32,"column":3}},"line":24},"3":{"name":"(anonymous_3)","decl":{"start":{"line":34,"column":37},"end":{"line":34,"column":38}},"loc":{"start":{"line":34,"column":51},"end":{"line":42,"column":3}},"line":34},"4":{"name":"(anonymous_4)","decl":{"start":{"line":44,"column":25},"end":{"line":44,"column":26}},"loc":{"start":{"line":44,"column":39},"end":{"line":46,"column":3}},"line":44},"5":{"name":"(anonymous_5)","decl":{"start":{"line":48,"column":23},"end":{"line":48,"column":24}},"loc":{"start":{"line":48,"column":29},"end":{"line":50,"column":3}},"line":48}},"branchMap":{"0":{"loc":{"start":{"line":26,"column":4},"end":{"line":30,"column":5}},"type":"if","locations":[{"start":{"line":26,"column":4},"end":{"line":30,"column":5}},{"start":{"line":26,"column":4},"end":{"line":30,"column":5}}],"line":26},"1":{"loc":{"start":{"line":36,"column":4},"end":{"line":40,"column":5}},"type":"if","locations":[{"start":{"line":36,"column":4},"end":{"line":40,"column":5}},{"start":{"line":36,"column":4},"end":{"line":40,"column":5}}],"line":36}},"s":{"0":0,"1":0,"2":0,"3":0,"4":0,"5":0,"6":0,"7":0,"8":0,"9":0,"10":0,"11":0,"12":0,"13":0,"14":0,"15":0,"16":0,"17":0,"18":0,"19":0,"20":0,"21":0,"22":0,"23":0,"24":0,"25":0},"f":{"0":0,"1":0,"2":0,"3":0,"4":0,"5":0},"b":{"0":[0,0],"1":[0,0]},"_coverageSchema":"1a1c01bbd47fc00a2c39e90264f33305004495a9","hash":"586dcd7340c716a9bd94caffadb46d1f5c71fde2"}
,"C:\\Users\\Moksh\\Documents\\QA project\\Queue frontend-backend\\QA-Help-Queue-App\\Frontend\\React\\queue\\src\\Components\\Create.jsx": {"path":"C:\\Users\\Moksh\\Documents\\QA project\\Queue frontend-backend\\QA-Help-Queue-App\\Frontend\\React\\queue\\src\\Components\\Create.jsx","statementMap":{"0":{"start":{"line":5,"column":15},"end":{"line":140,"column":3}},"1":{"start":{"line":6,"column":28},"end":{"line":6,"column":43}},"2":{"start":{"line":8,"column":17},"end":{"line":8,"column":39}},"3":{"start":{"line":8,"column":23},"end":{"line":8,"column":39}},"4":{"start":{"line":9,"column":32},"end":{"line":9,"column":44}},"5":{"start":{"line":10,"column":36},"end":{"line":10,"column":53}},"6":{"start":{"line":11,"column":42},"end":{"line":11,"column":54}},"7":{"start":{"line":12,"column":28},"end":{"line":12,"column":40}},"8":{"start":{"line":13,"column":30},"end":{"line":13,"column":42}},"9":{"start":{"line":14,"column":30},"end":{"line":14,"column":42}},"10":{"start":{"line":15,"column":34},"end":{"line":15,"column":46}},"11":{"start":{"line":16,"column":15},"end":{"line":16,"column":24}},"12":{"start":{"line":24,"column":2},"end":{"line":28,"column":3}},"13":{"start":{"line":25,"column":4},"end":{"line":25,"column":21}},"14":{"start":{"line":27,"column":4},"end":{"line":27,"column":20}},"15":{"start":{"line":30,"column":2},"end":{"line":32,"column":3}},"16":{"start":{"line":31,"column":4},"end":{"line":31,"column":66}},"17":{"start":{"line":34,"column":2},"end":{"line":36,"column":3}},"18":{"start":{"line":35,"column":4},"end":{"line":35,"column":60}},"19":{"start":{"line":38,"column":2},"end":{"line":43,"column":3}},"20":{"start":{"line":39,"column":4},"end":{"line":39,"column":149}},"21":{"start":{"line":39,"column":95},"end":{"line":39,"column":120}},"22":{"start":{"line":42,"column":4},"end":{"line":42,"column":155}},"23":{"start":{"line":42,"column":101},"end":{"line":42,"column":126}},"24":{"start":{"line":45,"column":2},"end":{"line":50,"column":3}},"25":{"start":{"line":46,"column":4},"end":{"line":46,"column":147}},"26":{"start":{"line":46,"column":93},"end":{"line":46,"column":117}},"27":{"start":{"line":49,"column":4},"end":{"line":49,"column":153}},"28":{"start":{"line":49,"column":99},"end":{"line":49,"column":123}},"29":{"start":{"line":52,"column":2},"end":{"line":57,"column":3}},"30":{"start":{"line":53,"column":4},"end":{"line":53,"column":174}},"31":{"start":{"line":53,"column":97},"end":{"line":53,"column":127}},"32":{"start":{"line":56,"column":4},"end":{"line":56,"column":180}},"33":{"start":{"line":56,"column":103},"end":{"line":56,"column":133}},"34":{"start":{"line":59,"column":20},"end":{"line":59,"column":89}},"35":{"start":{"line":63,"column":23},"end":{"line":81,"column":3}},"36":{"start":{"line":64,"column":4},"end":{"line":64,"column":27}},"37":{"start":{"line":66,"column":17},"end":{"line":74,"column":5}},"38":{"start":{"line":76,"column":4},"end":{"line":80,"column":8}},"39":{"start":{"line":78,"column":8},"end":{"line":78,"column":25}},"40":{"start":{"line":79,"column":8},"end":{"line":79,"column":29}},"41":{"start":{"line":83,"column":4},"end":{"line":139,"column":6}},"42":{"start":{"line":107,"column":82},"end":{"line":107,"column":106}},"43":{"start":{"line":108,"column":82},"end":{"line":108,"column":106}},"44":{"start":{"line":109,"column":82},"end":{"line":109,"column":106}},"45":{"start":{"line":110,"column":82},"end":{"line":110,"column":106}},"46":{"start":{"line":111,"column":82},"end":{"line":111,"column":106}},"47":{"start":{"line":119,"column":71},"end":{"line":119,"column":97}},"48":{"start":{"line":120,"column":71},"end":{"line":120,"column":97}},"49":{"start":{"line":121,"column":71},"end":{"line":121,"column":97}},"50":{"start":{"line":122,"column":71},"end":{"line":122,"column":97}},"51":{"start":{"line":123,"column":71},"end":{"line":123,"column":97}},"52":{"start":{"line":128,"column":85},"end":{"line":128,"column":108}}},"fnMap":{"0":{"name":"(anonymous_0)","decl":{"start":{"line":5,"column":15},"end":{"line":5,"column":16}},"loc":{"start":{"line":5,"column":26},"end":{"line":140,"column":3}},"line":5},"1":{"name":"(anonymous_1)","decl":{"start":{"line":8,"column":17},"end":{"line":8,"column":18}},"loc":{"start":{"line":8,"column":23},"end":{"line":8,"column":39}},"line":8},"2":{"name":"(anonymous_2)","decl":{"start":{"line":39,"column":88},"end":{"line":39,"column":89}},"loc":{"start":{"line":39,"column":95},"end":{"line":39,"column":120}},"line":39},"3":{"name":"(anonymous_3)","decl":{"start":{"line":42,"column":94},"end":{"line":42,"column":95}},"loc":{"start":{"line":42,"column":101},"end":{"line":42,"column":126}},"line":42},"4":{"name":"(anonymous_4)","decl":{"start":{"line":46,"column":86},"end":{"line":46,"column":87}},"loc":{"start":{"line":46,"column":93},"end":{"line":46,"column":117}},"line":46},"5":{"name":"(anonymous_5)","decl":{"start":{"line":49,"column":92},"end":{"line":49,"column":93}},"loc":{"start":{"line":49,"column":99},"end":{"line":49,"column":123}},"line":49},"6":{"name":"(anonymous_6)","decl":{"start":{"line":53,"column":90},"end":{"line":53,"column":91}},"loc":{"start":{"line":53,"column":97},"end":{"line":53,"column":127}},"line":53},"7":{"name":"(anonymous_7)","decl":{"start":{"line":56,"column":96},"end":{"line":56,"column":97}},"loc":{"start":{"line":56,"column":103},"end":{"line":56,"column":133}},"line":56},"8":{"name":"(anonymous_8)","decl":{"start":{"line":63,"column":23},"end":{"line":63,"column":24}},"loc":{"start":{"line":63,"column":32},"end":{"line":81,"column":3}},"line":63},"9":{"name":"(anonymous_9)","decl":{"start":{"line":77,"column":12},"end":{"line":77,"column":13}},"loc":{"start":{"line":77,"column":19},"end":{"line":80,"column":7}},"line":77},"10":{"name":"(anonymous_10)","decl":{"start":{"line":107,"column":75},"end":{"line":107,"column":76}},"loc":{"start":{"line":107,"column":82},"end":{"line":107,"column":106}},"line":107},"11":{"name":"(anonymous_11)","decl":{"start":{"line":108,"column":75},"end":{"line":108,"column":76}},"loc":{"start":{"line":108,"column":82},"end":{"line":108,"column":106}},"line":108},"12":{"name":"(anonymous_12)","decl":{"start":{"line":109,"column":75},"end":{"line":109,"column":76}},"loc":{"start":{"line":109,"column":82},"end":{"line":109,"column":106}},"line":109},"13":{"name":"(anonymous_13)","decl":{"start":{"line":110,"column":75},"end":{"line":110,"column":76}},"loc":{"start":{"line":110,"column":82},"end":{"line":110,"column":106}},"line":110},"14":{"name":"(anonymous_14)","decl":{"start":{"line":111,"column":75},"end":{"line":111,"column":76}},"loc":{"start":{"line":111,"column":82},"end":{"line":111,"column":106}},"line":111},"15":{"name":"(anonymous_15)","decl":{"start":{"line":119,"column":64},"end":{"line":119,"column":65}},"loc":{"start":{"line":119,"column":71},"end":{"line":119,"column":97}},"line":119},"16":{"name":"(anonymous_16)","decl":{"start":{"line":120,"column":64},"end":{"line":120,"column":65}},"loc":{"start":{"line":120,"column":71},"end":{"line":120,"column":97}},"line":120},"17":{"name":"(anonymous_17)","decl":{"start":{"line":121,"column":64},"end":{"line":121,"column":65}},"loc":{"start":{"line":121,"column":71},"end":{"line":121,"column":97}},"line":121},"18":{"name":"(anonymous_18)","decl":{"start":{"line":122,"column":64},"end":{"line":122,"column":65}},"loc":{"start":{"line":122,"column":71},"end":{"line":122,"column":97}},"line":122},"19":{"name":"(anonymous_19)","decl":{"start":{"line":123,"column":64},"end":{"line":123,"column":65}},"loc":{"start":{"line":123,"column":71},"end":{"line":123,"column":97}},"line":123},"20":{"name":"(anonymous_20)","decl":{"start":{"line":128,"column":78},"end":{"line":128,"column":79}},"loc":{"start":{"line":128,"column":85},"end":{"line":128,"column":108}},"line":128}},"branchMap":{"0":{"loc":{"start":{"line":24,"column":2},"end":{"line":28,"column":3}},"type":"if","locations":[{"start":{"line":24,"column":2},"end":{"line":28,"column":3}},{"start":{"line":24,"column":2},"end":{"line":28,"column":3}}],"line":24},"1":{"loc":{"start":{"line":30,"column":2},"end":{"line":32,"column":3}},"type":"if","locations":[{"start":{"line":30,"column":2},"end":{"line":32,"column":3}},{"start":{"line":30,"column":2},"end":{"line":32,"column":3}}],"line":30},"2":{"loc":{"start":{"line":34,"column":2},"end":{"line":36,"column":3}},"type":"if","locations":[{"start":{"line":34,"column":2},"end":{"line":36,"column":3}},{"start":{"line":34,"column":2},"end":{"line":36,"column":3}}],"line":34},"3":{"loc":{"start":{"line":38,"column":2},"end":{"line":43,"column":3}},"type":"if","locations":[{"start":{"line":38,"column":2},"end":{"line":43,"column":3}},{"start":{"line":38,"column":2},"end":{"line":43,"column":3}}],"line":38},"4":{"loc":{"start":{"line":45,"column":2},"end":{"line":50,"column":3}},"type":"if","locations":[{"start":{"line":45,"column":2},"end":{"line":50,"column":3}},{"start":{"line":45,"column":2},"end":{"line":50,"column":3}}],"line":45},"5":{"loc":{"start":{"line":52,"column":2},"end":{"line":57,"column":3}},"type":"if","locations":[{"start":{"line":52,"column":2},"end":{"line":57,"column":3}},{"start":{"line":52,"column":2},"end":{"line":57,"column":3}}],"line":52},"6":{"loc":{"start":{"line":59,"column":20},"end":{"line":59,"column":89}},"type":"binary-expr","locations":[{"start":{"line":59,"column":20},"end":{"line":59,"column":39}},{"start":{"line":59,"column":43},"end":{"line":59,"column":61}},{"start":{"line":59,"column":65},"end":{"line":59,"column":89}}],"line":59}},"s":{"0":1,"1":1,"2":1,"3":0,"4":1,"5":1,"6":1,"7":1,"8":1,"9":1,"10":1,"11":1,"12":1,"13":0,"14":1,"15":1,"16":0,"17":1,"18":0,"19":1,"20":1,"21":0,"22":0,"23":0,"24":1,"25":1,"26":0,"27":0,"28":0,"29":1,"30":1,"31":0,"32":0,"33":0,"34":1,"35":1,"36":0,"37":0,"38":0,"39":0,"40":0,"41":1,"42":0,"43":0,"44":0,"45":0,"46":0,"47":0,"48":0,"49":0,"50":0,"51":0,"52":0},"f":{"0":1,"1":0,"2":0,"3":0,"4":0,"5":0,"6":0,"7":0,"8":0,"9":0,"10":0,"11":0,"12":0,"13":0,"14":0,"15":0,"16":0,"17":0,"18":0,"19":0,"20":0},"b":{"0":[0,1],"1":[0,1],"2":[0,1],"3":[1,0],"4":[1,0],"5":[1,0],"6":[1,0,0]},"_coverageSchema":"1a1c01bbd47fc00a2c39e90264f33305004495a9","hash":"1616125f52df2c7dc4fd76776932667a8a33d142"}
,"C:\\Users\\Moksh\\Documents\\QA project\\Queue frontend-backend\\QA-Help-Queue-App\\Frontend\\React\\queue\\src\\Components\\Filter.jsx": {"path":"C:\\Users\\Moksh\\Documents\\QA project\\Queue frontend-backend\\QA-Help-Queue-App\\Frontend\\React\\queue\\src\\Components\\Filter.jsx","statementMap":{"0":{"start":{"line":4,"column":15},"end":{"line":38,"column":3}},"1":{"start":{"line":5,"column":4},"end":{"line":37,"column":6}},"2":{"start":{"line":12,"column":107},"end":{"line":12,"column":144}},"3":{"start":{"line":18,"column":79},"end":{"line":18,"column":100}},"4":{"start":{"line":19,"column":79},"end":{"line":19,"column":100}},"5":{"start":{"line":20,"column":79},"end":{"line":20,"column":100}},"6":{"start":{"line":21,"column":79},"end":{"line":21,"column":100}},"7":{"start":{"line":22,"column":79},"end":{"line":22,"column":100}},"8":{"start":{"line":28,"column":80},"end":{"line":28,"column":106}},"9":{"start":{"line":29,"column":80},"end":{"line":29,"column":106}},"10":{"start":{"line":30,"column":80},"end":{"line":30,"column":106}},"11":{"start":{"line":31,"column":80},"end":{"line":31,"column":106}},"12":{"start":{"line":32,"column":80},"end":{"line":32,"column":106}}},"fnMap":{"0":{"name":"(anonymous_0)","decl":{"start":{"line":4,"column":15},"end":{"line":4,"column":16}},"loc":{"start":{"line":4,"column":26},"end":{"line":38,"column":3}},"line":4},"1":{"name":"(anonymous_1)","decl":{"start":{"line":12,"column":100},"end":{"line":12,"column":101}},"loc":{"start":{"line":12,"column":107},"end":{"line":12,"column":144}},"line":12},"2":{"name":"(anonymous_2)","decl":{"start":{"line":18,"column":73},"end":{"line":18,"column":74}},"loc":{"start":{"line":18,"column":79},"end":{"line":18,"column":100}},"line":18},"3":{"name":"(anonymous_3)","decl":{"start":{"line":19,"column":73},"end":{"line":19,"column":74}},"loc":{"start":{"line":19,"column":79},"end":{"line":19,"column":100}},"line":19},"4":{"name":"(anonymous_4)","decl":{"start":{"line":20,"column":73},"end":{"line":20,"column":74}},"loc":{"start":{"line":20,"column":79},"end":{"line":20,"column":100}},"line":20},"5":{"name":"(anonymous_5)","decl":{"start":{"line":21,"column":73},"end":{"line":21,"column":74}},"loc":{"start":{"line":21,"column":79},"end":{"line":21,"column":100}},"line":21},"6":{"name":"(anonymous_6)","decl":{"start":{"line":22,"column":73},"end":{"line":22,"column":74}},"loc":{"start":{"line":22,"column":79},"end":{"line":22,"column":100}},"line":22},"7":{"name":"(anonymous_7)","decl":{"start":{"line":28,"column":74},"end":{"line":28,"column":75}},"loc":{"start":{"line":28,"column":80},"end":{"line":28,"column":106}},"line":28},"8":{"name":"(anonymous_8)","decl":{"start":{"line":29,"column":74},"end":{"line":29,"column":75}},"loc":{"start":{"line":29,"column":80},"end":{"line":29,"column":106}},"line":29},"9":{"name":"(anonymous_9)","decl":{"start":{"line":30,"column":74},"end":{"line":30,"column":75}},"loc":{"start":{"line":30,"column":80},"end":{"line":30,"column":106}},"line":30},"10":{"name":"(anonymous_10)","decl":{"start":{"line":31,"column":74},"end":{"line":31,"column":75}},"loc":{"start":{"line":31,"column":80},"end":{"line":31,"column":106}},"line":31},"11":{"name":"(anonymous_11)","decl":{"start":{"line":32,"column":74},"end":{"line":32,"column":75}},"loc":{"start":{"line":32,"column":80},"end":{"line":32,"column":106}},"line":32}},"branchMap":{},"s":{"0":1,"1":1,"2":0,"3":0,"4":0,"5":0,"6":0,"7":0,"8":0,"9":0,"10":0,"11":0,"12":0},"f":{"0":1,"1":0,"2":0,"3":0,"4":0,"5":0,"6":0,"7":0,"8":0,"9":0,"10":0,"11":0},"b":{},"_coverageSchema":"1a1c01bbd47fc00a2c39e90264f33305004495a9","hash":"34e427b491caad0feade6f5e755bcaae5a5a61d9"}
,"C:\\Users\\Moksh\\Documents\\QA project\\Queue frontend-backend\\QA-Help-Queue-App\\Frontend\\React\\queue\\src\\Components\\Queue.jsx": {"path":"C:\\Users\\Moksh\\Documents\\QA project\\Queue frontend-backend\\QA-Help-Queue-App\\Frontend\\React\\queue\\src\\Components\\Queue.jsx","statementMap":{"0":{"start":{"line":5,"column":14},"end":{"line":115,"column":3}},"1":{"start":{"line":6,"column":22},"end":{"line":6,"column":27}},"2":{"start":{"line":10,"column":26},"end":{"line":10,"column":38}},"3":{"start":{"line":12,"column":19},"end":{"line":12,"column":21}},"4":{"start":{"line":13,"column":19},"end":{"line":13,"column":21}},"5":{"start":{"line":14,"column":19},"end":{"line":14,"column":21}},"6":{"start":{"line":15,"column":19},"end":{"line":15,"column":21}},"7":{"start":{"line":16,"column":19},"end":{"line":16,"column":21}},"8":{"start":{"line":18,"column":21},"end":{"line":18,"column":23}},"9":{"start":{"line":19,"column":21},"end":{"line":19,"column":23}},"10":{"start":{"line":20,"column":21},"end":{"line":20,"column":23}},"11":{"start":{"line":21,"column":21},"end":{"line":21,"column":23}},"12":{"start":{"line":22,"column":21},"end":{"line":22,"column":23}},"13":{"start":{"line":24,"column":2},"end":{"line":31,"column":3}},"14":{"start":{"line":25,"column":4},"end":{"line":30,"column":7}},"15":{"start":{"line":27,"column":8},"end":{"line":27,"column":34}},"16":{"start":{"line":28,"column":8},"end":{"line":28,"column":31}},"17":{"start":{"line":29,"column":8},"end":{"line":29,"column":29}},"18":{"start":{"line":33,"column":2},"end":{"line":35,"column":3}},"19":{"start":{"line":34,"column":4},"end":{"line":34,"column":62}},"20":{"start":{"line":34,"column":37},"end":{"line":34,"column":60}},"21":{"start":{"line":37,"column":2},"end":{"line":39,"column":3}},"22":{"start":{"line":38,"column":4},"end":{"line":38,"column":62}},"23":{"start":{"line":38,"column":37},"end":{"line":38,"column":60}},"24":{"start":{"line":41,"column":2},"end":{"line":43,"column":3}},"25":{"start":{"line":42,"column":4},"end":{"line":42,"column":62}},"26":{"start":{"line":42,"column":37},"end":{"line":42,"column":60}},"27":{"start":{"line":45,"column":2},"end":{"line":47,"column":3}},"28":{"start":{"line":46,"column":4},"end":{"line":46,"column":62}},"29":{"start":{"line":46,"column":37},"end":{"line":46,"column":60}},"30":{"start":{"line":49,"column":2},"end":{"line":51,"column":3}},"31":{"start":{"line":50,"column":4},"end":{"line":50,"column":62}},"32":{"start":{"line":50,"column":37},"end":{"line":50,"column":60}},"33":{"start":{"line":53,"column":18},"end":{"line":53,"column":83}},"34":{"start":{"line":55,"column":2},"end":{"line":57,"column":3}},"35":{"start":{"line":56,"column":4},"end":{"line":56,"column":64}},"36":{"start":{"line":56,"column":44},"end":{"line":56,"column":62}},"37":{"start":{"line":59,"column":2},"end":{"line":61,"column":3}},"38":{"start":{"line":60,"column":4},"end":{"line":60,"column":64}},"39":{"start":{"line":60,"column":44},"end":{"line":60,"column":62}},"40":{"start":{"line":63,"column":2},"end":{"line":65,"column":3}},"41":{"start":{"line":64,"column":4},"end":{"line":64,"column":64}},"42":{"start":{"line":64,"column":44},"end":{"line":64,"column":62}},"43":{"start":{"line":67,"column":2},"end":{"line":69,"column":3}},"44":{"start":{"line":68,"column":4},"end":{"line":68,"column":64}},"45":{"start":{"line":68,"column":44},"end":{"line":68,"column":62}},"46":{"start":{"line":71,"column":2},"end":{"line":73,"column":3}},"47":{"start":{"line":72,"column":4},"end":{"line":72,"column":64}},"48":{"start":{"line":72,"column":44},"end":{"line":72,"column":62}},"49":{"start":{"line":75,"column":20},"end":{"line":75,"column":95}},"50":{"start":{"line":77,"column":18},"end":{"line":79,"column":3}},"51":{"start":{"line":78,"column":4},"end":{"line":78,"column":72}},"52":{"start":{"line":81,"column":18},"end":{"line":83,"column":3}},"53":{"start":{"line":82,"column":4},"end":{"line":82,"column":70}},"54":{"start":{"line":85,"column":18},"end":{"line":87,"column":3}},"55":{"start":{"line":86,"column":4},"end":{"line":86,"column":76}},"56":{"start":{"line":89,"column":15},"end":{"line":89,"column":38}},"57":{"start":{"line":94,"column":4},"end":{"line":114,"column":6}},"58":{"start":{"line":100,"column":12},"end":{"line":101,"column":164}},"59":{"start":{"line":101,"column":14},"end":{"line":101,"column":164}},"60":{"start":{"line":108,"column":10},"end":{"line":109,"column":142}},"61":{"start":{"line":109,"column":12},"end":{"line":109,"column":142}}},"fnMap":{"0":{"name":"(anonymous_0)","decl":{"start":{"line":5,"column":14},"end":{"line":5,"column":15}},"loc":{"start":{"line":5,"column":25},"end":{"line":115,"column":3}},"line":5},"1":{"name":"(anonymous_1)","decl":{"start":{"line":26,"column":10},"end":{"line":26,"column":11}},"loc":{"start":{"line":26,"column":22},"end":{"line":30,"column":5}},"line":26},"2":{"name":"(anonymous_2)","decl":{"start":{"line":34,"column":29},"end":{"line":34,"column":30}},"loc":{"start":{"line":34,"column":37},"end":{"line":34,"column":60}},"line":34},"3":{"name":"(anonymous_3)","decl":{"start":{"line":38,"column":29},"end":{"line":38,"column":30}},"loc":{"start":{"line":38,"column":37},"end":{"line":38,"column":60}},"line":38},"4":{"name":"(anonymous_4)","decl":{"start":{"line":42,"column":29},"end":{"line":42,"column":30}},"loc":{"start":{"line":42,"column":37},"end":{"line":42,"column":60}},"line":42},"5":{"name":"(anonymous_5)","decl":{"start":{"line":46,"column":29},"end":{"line":46,"column":30}},"loc":{"start":{"line":46,"column":37},"end":{"line":46,"column":60}},"line":46},"6":{"name":"(anonymous_6)","decl":{"start":{"line":50,"column":29},"end":{"line":50,"column":30}},"loc":{"start":{"line":50,"column":37},"end":{"line":50,"column":60}},"line":50},"7":{"name":"(anonymous_7)","decl":{"start":{"line":56,"column":36},"end":{"line":56,"column":37}},"loc":{"start":{"line":56,"column":44},"end":{"line":56,"column":62}},"line":56},"8":{"name":"(anonymous_8)","decl":{"start":{"line":60,"column":36},"end":{"line":60,"column":37}},"loc":{"start":{"line":60,"column":44},"end":{"line":60,"column":62}},"line":60},"9":{"name":"(anonymous_9)","decl":{"start":{"line":64,"column":36},"end":{"line":64,"column":37}},"loc":{"start":{"line":64,"column":44},"end":{"line":64,"column":62}},"line":64},"10":{"name":"(anonymous_10)","decl":{"start":{"line":68,"column":36},"end":{"line":68,"column":37}},"loc":{"start":{"line":68,"column":44},"end":{"line":68,"column":62}},"line":68},"11":{"name":"(anonymous_11)","decl":{"start":{"line":72,"column":36},"end":{"line":72,"column":37}},"loc":{"start":{"line":72,"column":44},"end":{"line":72,"column":62}},"line":72},"12":{"name":"(anonymous_12)","decl":{"start":{"line":77,"column":37},"end":{"line":77,"column":38}},"loc":{"start":{"line":78,"column":4},"end":{"line":78,"column":72}},"line":78},"13":{"name":"(anonymous_13)","decl":{"start":{"line":81,"column":33},"end":{"line":81,"column":34}},"loc":{"start":{"line":82,"column":4},"end":{"line":82,"column":70}},"line":82},"14":{"name":"(anonymous_14)","decl":{"start":{"line":85,"column":33},"end":{"line":85,"column":34}},"loc":{"start":{"line":86,"column":4},"end":{"line":86,"column":76}},"line":86},"15":{"name":"(anonymous_15)","decl":{"start":{"line":99,"column":20},"end":{"line":99,"column":21}},"loc":{"start":{"line":99,"column":30},"end":{"line":102,"column":11}},"line":99},"16":{"name":"(anonymous_16)","decl":{"start":{"line":107,"column":20},"end":{"line":107,"column":21}},"loc":{"start":{"line":107,"column":30},"end":{"line":110,"column":10}},"line":107}},"branchMap":{"0":{"loc":{"start":{"line":24,"column":2},"end":{"line":31,"column":3}},"type":"if","locations":[{"start":{"line":24,"column":2},"end":{"line":31,"column":3}},{"start":{"line":24,"column":2},"end":{"line":31,"column":3}}],"line":24},"1":{"loc":{"start":{"line":33,"column":2},"end":{"line":35,"column":3}},"type":"if","locations":[{"start":{"line":33,"column":2},"end":{"line":35,"column":3}},{"start":{"line":33,"column":2},"end":{"line":35,"column":3}}],"line":33},"2":{"loc":{"start":{"line":37,"column":2},"end":{"line":39,"column":3}},"type":"if","locations":[{"start":{"line":37,"column":2},"end":{"line":39,"column":3}},{"start":{"line":37,"column":2},"end":{"line":39,"column":3}}],"line":37},"3":{"loc":{"start":{"line":41,"column":2},"end":{"line":43,"column":3}},"type":"if","locations":[{"start":{"line":41,"column":2},"end":{"line":43,"column":3}},{"start":{"line":41,"column":2},"end":{"line":43,"column":3}}],"line":41},"4":{"loc":{"start":{"line":45,"column":2},"end":{"line":47,"column":3}},"type":"if","locations":[{"start":{"line":45,"column":2},"end":{"line":47,"column":3}},{"start":{"line":45,"column":2},"end":{"line":47,"column":3}}],"line":45},"5":{"loc":{"start":{"line":49,"column":2},"end":{"line":51,"column":3}},"type":"if","locations":[{"start":{"line":49,"column":2},"end":{"line":51,"column":3}},{"start":{"line":49,"column":2},"end":{"line":51,"column":3}}],"line":49},"6":{"loc":{"start":{"line":55,"column":2},"end":{"line":57,"column":3}},"type":"if","locations":[{"start":{"line":55,"column":2},"end":{"line":57,"column":3}},{"start":{"line":55,"column":2},"end":{"line":57,"column":3}}],"line":55},"7":{"loc":{"start":{"line":59,"column":2},"end":{"line":61,"column":3}},"type":"if","locations":[{"start":{"line":59,"column":2},"end":{"line":61,"column":3}},{"start":{"line":59,"column":2},"end":{"line":61,"column":3}}],"line":59},"8":{"loc":{"start":{"line":63,"column":2},"end":{"line":65,"column":3}},"type":"if","locations":[{"start":{"line":63,"column":2},"end":{"line":65,"column":3}},{"start":{"line":63,"column":2},"end":{"line":65,"column":3}}],"line":63},"9":{"loc":{"start":{"line":67,"column":2},"end":{"line":69,"column":3}},"type":"if","locations":[{"start":{"line":67,"column":2},"end":{"line":69,"column":3}},{"start":{"line":67,"column":2},"end":{"line":69,"column":3}}],"line":67},"10":{"loc":{"start":{"line":71,"column":2},"end":{"line":73,"column":3}},"type":"if","locations":[{"start":{"line":71,"column":2},"end":{"line":73,"column":3}},{"start":{"line":71,"column":2},"end":{"line":73,"column":3}}],"line":71},"11":{"loc":{"start":{"line":100,"column":12},"end":{"line":101,"column":164}},"type":"if","locations":[{"start":{"line":100,"column":12},"end":{"line":101,"column":164}},{"start":{"line":100,"column":12},"end":{"line":101,"column":164}}],"line":100},"12":{"loc":{"start":{"line":108,"column":10},"end":{"line":109,"column":142}},"type":"if","locations":[{"start":{"line":108,"column":10},"end":{"line":109,"column":142}},{"start":{"line":108,"column":10},"end":{"line":109,"column":142}}],"line":108}},"s":{"0":1,"1":1,"2":1,"3":1,"4":1,"5":1,"6":1,"7":1,"8":1,"9":1,"10":1,"11":1,"12":1,"13":1,"14":1,"15":0,"16":0,"17":0,"18":1,"19":1,"20":0,"21":1,"22":1,"23":0,"24":1,"25":1,"26":0,"27":1,"28":1,"29":0,"30":1,"31":1,"32":0,"33":1,"34":1,"35":1,"36":0,"37":1,"38":1,"39":0,"40":1,"41":1,"42":0,"43":1,"44":1,"45":0,"46":1,"47":1,"48":0,"49":1,"50":1,"51":0,"52":1,"53":0,"54":1,"55":0,"56":1,"57":1,"58":0,"59":0,"60":0,"61":0},"f":{"0":1,"1":0,"2":0,"3":0,"4":0,"5":0,"6":0,"7":0,"8":0,"9":0,"10":0,"11":0,"12":0,"13":0,"14":0,"15":0,"16":0},"b":{"0":[1,0],"1":[1,0],"2":[1,0],"3":[1,0],"4":[1,0],"5":[1,0],"6":[1,0],"7":[1,0],"8":[1,0],"9":[1,0],"10":[1,0],"11":[0,0],"12":[0,0]},"_coverageSchema":"1a1c01bbd47fc00a2c39e90264f33305004495a9","hash":"95b276239d9e72992449b942ad244ff9502bb434"}
,"C:\\Users\\Moksh\\Documents\\QA project\\Queue frontend-backend\\QA-Help-Queue-App\\Frontend\\React\\queue\\src\\Components\\Sort.jsx": {"path":"C:\\Users\\Moksh\\Documents\\QA project\\Queue frontend-backend\\QA-Help-Queue-App\\Frontend\\React\\queue\\src\\Components\\Sort.jsx","statementMap":{"0":{"start":{"line":4,"column":13},"end":{"line":17,"column":1}},"1":{"start":{"line":5,"column":2},"end":{"line":16,"column":4}},"2":{"start":{"line":11,"column":107},"end":{"line":11,"column":143}}},"fnMap":{"0":{"name":"(anonymous_0)","decl":{"start":{"line":4,"column":13},"end":{"line":4,"column":14}},"loc":{"start":{"line":4,"column":24},"end":{"line":17,"column":1}},"line":4},"1":{"name":"(anonymous_1)","decl":{"start":{"line":11,"column":100},"end":{"line":11,"column":101}},"loc":{"start":{"line":11,"column":107},"end":{"line":11,"column":143}},"line":11}},"branchMap":{},"s":{"0":1,"1":1,"2":0},"f":{"0":1,"1":0},"b":{},"_coverageSchema":"1a1c01bbd47fc00a2c39e90264f33305004495a9","hash":"f8b421b63325422f5902f2943ce6fa46332f2da4"}
,"C:\\Users\\Moksh\\Documents\\QA project\\Queue frontend-backend\\QA-Help-Queue-App\\Frontend\\React\\queue\\src\\Components\\Toggle.jsx": {"path":"C:\\Users\\Moksh\\Documents\\QA project\\Queue frontend-backend\\QA-Help-Queue-App\\Frontend\\React\\queue\\src\\Components\\Toggle.jsx","statementMap":{"0":{"start":{"line":5,"column":15},"end":{"line":22,"column":3}},"1":{"start":{"line":10,"column":2},"end":{"line":14,"column":3}},"2":{"start":{"line":11,"column":4},"end":{"line":11,"column":158}},"3":{"start":{"line":11,"column":53},"end":{"line":11,"column":93}},"4":{"start":{"line":13,"column":4},"end":{"line":13,"column":157}},"5":{"start":{"line":13,"column":53},"end":{"line":13,"column":93}},"6":{"start":{"line":17,"column":4},"end":{"line":21,"column":6}}},"fnMap":{"0":{"name":"(anonymous_0)","decl":{"start":{"line":5,"column":15},"end":{"line":5,"column":16}},"loc":{"start":{"line":5,"column":26},"end":{"line":22,"column":3}},"line":5},"1":{"name":"(anonymous_1)","decl":{"start":{"line":11,"column":47},"end":{"line":11,"column":48}},"loc":{"start":{"line":11,"column":53},"end":{"line":11,"column":93}},"line":11},"2":{"name":"(anonymous_2)","decl":{"start":{"line":13,"column":47},"end":{"line":13,"column":48}},"loc":{"start":{"line":13,"column":53},"end":{"line":13,"column":93}},"line":13}},"branchMap":{"0":{"loc":{"start":{"line":10,"column":2},"end":{"line":14,"column":3}},"type":"if","locations":[{"start":{"line":10,"column":2},"end":{"line":14,"column":3}},{"start":{"line":10,"column":2},"end":{"line":14,"column":3}}],"line":10}},"s":{"0":1,"1":1,"2":0,"3":0,"4":1,"5":0,"6":1},"f":{"0":1,"1":0,"2":0},"b":{"0":[0,1]},"_coverageSchema":"1a1c01bbd47fc00a2c39e90264f33305004495a9","hash":"61050de842e59102ae5469659e66153aa4ac3c3b"}
}
