TN:
SF:src\App.js
FN:10,App
FN:20,(anonymous_1)
FN:24,(anonymous_2)
FN:34,(anonymous_3)
FN:44,(anonymous_4)
FN:48,(anonymous_5)
FNF:6
FNH:0
FNDA:0,App
FNDA:0,(anonymous_1)
FNDA:0,(anonymous_2)
FNDA:0,(anonymous_3)
FNDA:0,(anonymous_4)
FNDA:0,(anonymous_5)
DA:11,0
DA:12,0
DA:13,0
DA:14,0
DA:15,0
DA:16,0
DA:17,0
DA:20,0
DA:21,0
DA:24,0
DA:25,0
DA:26,0
DA:27,0
DA:29,0
DA:31,0
DA:34,0
DA:35,0
DA:36,0
DA:37,0
DA:39,0
DA:41,0
DA:44,0
DA:45,0
DA:48,0
DA:49,0
DA:52,0
LF:26
LH:0
BRDA:26,0,0,0
BRDA:26,0,1,0
BRDA:36,1,0,0
BRDA:36,1,1,0
BRF:4
BRH:0
end_of_record
TN:
SF:src\Components\Create.jsx
FN:5,(anonymous_0)
FN:8,(anonymous_1)
FN:39,(anonymous_2)
FN:42,(anonymous_3)
FN:46,(anonymous_4)
FN:49,(anonymous_5)
FN:53,(anonymous_6)
FN:56,(anonymous_7)
FN:63,(anonymous_8)
FN:77,(anonymous_9)
FN:107,(anonymous_10)
FN:108,(anonymous_11)
FN:109,(anonymous_12)
FN:110,(anonymous_13)
FN:111,(anonymous_14)
FN:119,(anonymous_15)
FN:120,(anonymous_16)
FN:121,(anonymous_17)
FN:122,(anonymous_18)
FN:123,(anonymous_19)
FN:128,(anonymous_20)
FNF:21
FNH:1
FNDA:1,(anonymous_0)
FNDA:0,(anonymous_1)
FNDA:0,(anonymous_2)
FNDA:0,(anonymous_3)
FNDA:0,(anonymous_4)
FNDA:0,(anonymous_5)
FNDA:0,(anonymous_6)
FNDA:0,(anonymous_7)
FNDA:0,(anonymous_8)
FNDA:0,(anonymous_9)
FNDA:0,(anonymous_10)
FNDA:0,(anonymous_11)
FNDA:0,(anonymous_12)
FNDA:0,(anonymous_13)
FNDA:0,(anonymous_14)
FNDA:0,(anonymous_15)
FNDA:0,(anonymous_16)
FNDA:0,(anonymous_17)
FNDA:0,(anonymous_18)
FNDA:0,(anonymous_19)
FNDA:0,(anonymous_20)
DA:5,1
DA:6,1
DA:8,1
DA:9,1
DA:10,1
DA:11,1
DA:12,1
DA:13,1
DA:14,1
DA:15,1
DA:16,1
DA:24,1
DA:25,0
DA:27,1
DA:30,1
DA:31,0
DA:34,1
DA:35,0
DA:38,1
DA:39,1
DA:42,0
DA:45,1
DA:46,1
DA:49,0
DA:52,1
DA:53,1
DA:56,0
DA:59,1
DA:63,1
DA:64,0
DA:66,0
DA:76,0
DA:78,0
DA:79,0
DA:83,1
DA:107,0
DA:108,0
DA:109,0
DA:110,0
DA:111,0
DA:119,0
DA:120,0
DA:121,0
DA:122,0
DA:123,0
DA:128,0
LF:46
LH:24
BRDA:24,0,0,0
BRDA:24,0,1,1
BRDA:30,1,0,0
BRDA:30,1,1,1
BRDA:34,2,0,0
BRDA:34,2,1,1
BRDA:38,3,0,1
BRDA:38,3,1,0
BRDA:45,4,0,1
BRDA:45,4,1,0
BRDA:52,5,0,1
BRDA:52,5,1,0
BRDA:59,6,0,1
BRDA:59,6,1,0
BRDA:59,6,2,0
BRF:15
BRH:7
end_of_record
TN:
SF:src\Components\Filter.jsx
FN:4,(anonymous_0)
FN:12,(anonymous_1)
FN:18,(anonymous_2)
FN:19,(anonymous_3)
FN:20,(anonymous_4)
FN:21,(anonymous_5)
FN:22,(anonymous_6)
FN:28,(anonymous_7)
FN:29,(anonymous_8)
FN:30,(anonymous_9)
FN:31,(anonymous_10)
FN:32,(anonymous_11)
FNF:12
FNH:1
FNDA:1,(anonymous_0)
FNDA:0,(anonymous_1)
FNDA:0,(anonymous_2)
FNDA:0,(anonymous_3)
FNDA:0,(anonymous_4)
FNDA:0,(anonymous_5)
FNDA:0,(anonymous_6)
FNDA:0,(anonymous_7)
FNDA:0,(anonymous_8)
FNDA:0,(anonymous_9)
FNDA:0,(anonymous_10)
FNDA:0,(anonymous_11)
DA:4,1
DA:5,1
DA:12,0
DA:18,0
DA:19,0
DA:20,0
DA:21,0
DA:22,0
DA:28,0
DA:29,0
DA:30,0
DA:31,0
DA:32,0
LF:13
LH:2
BRF:0
BRH:0
end_of_record
TN:
SF:src\Components\Queue.jsx
FN:5,(anonymous_0)
FN:26,(anonymous_1)
FN:34,(anonymous_2)
FN:38,(anonymous_3)
FN:42,(anonymous_4)
FN:46,(anonymous_5)
FN:50,(anonymous_6)
FN:56,(anonymous_7)
FN:60,(anonymous_8)
FN:64,(anonymous_9)
FN:68,(anonymous_10)
FN:72,(anonymous_11)
FN:77,(anonymous_12)
FN:81,(anonymous_13)
FN:85,(anonymous_14)
FN:99,(anonymous_15)
FN:107,(anonymous_16)
FNF:17
FNH:1
FNDA:1,(anonymous_0)
FNDA:0,(anonymous_1)
FNDA:0,(anonymous_2)
FNDA:0,(anonymous_3)
FNDA:0,(anonymous_4)
FNDA:0,(anonymous_5)
FNDA:0,(anonymous_6)
FNDA:0,(anonymous_7)
FNDA:0,(anonymous_8)
FNDA:0,(anonymous_9)
FNDA:0,(anonymous_10)
FNDA:0,(anonymous_11)
FNDA:0,(anonymous_12)
FNDA:0,(anonymous_13)
FNDA:0,(anonymous_14)
FNDA:0,(anonymous_15)
FNDA:0,(anonymous_16)
DA:5,1
DA:6,1
DA:10,1
DA:12,1
DA:13,1
DA:14,1
DA:15,1
DA:16,1
DA:18,1
DA:19,1
DA:20,1
DA:21,1
DA:22,1
DA:24,1
DA:25,1
DA:27,0
DA:28,0
DA:29,0
DA:33,1
DA:34,1
DA:37,1
DA:38,1
DA:41,1
DA:42,1
DA:45,1
DA:46,1
DA:49,1
DA:50,1
DA:53,1
DA:55,1
DA:56,1
DA:59,1
DA:60,1
DA:63,1
DA:64,1
DA:67,1
DA:68,1
DA:71,1
DA:72,1
DA:75,1
DA:77,1
DA:78,0
DA:81,1
DA:82,0
DA:85,1
DA:86,0
DA:89,1
DA:94,1
DA:100,0
DA:101,0
DA:108,0
DA:109,0
LF:52
LH:42
BRDA:24,0,0,1
BRDA:24,0,1,0
BRDA:33,1,0,1
BRDA:33,1,1,0
BRDA:37,2,0,1
BRDA:37,2,1,0
BRDA:41,3,0,1
BRDA:41,3,1,0
BRDA:45,4,0,1
BRDA:45,4,1,0
BRDA:49,5,0,1
BRDA:49,5,1,0
BRDA:55,6,0,1
BRDA:55,6,1,0
BRDA:59,7,0,1
BRDA:59,7,1,0
BRDA:63,8,0,1
BRDA:63,8,1,0
BRDA:67,9,0,1
BRDA:67,9,1,0
BRDA:71,10,0,1
BRDA:71,10,1,0
BRDA:100,11,0,0
BRDA:100,11,1,0
BRDA:108,12,0,0
BRDA:108,12,1,0
BRF:26
BRH:11
end_of_record
TN:
SF:src\Components\Sort.jsx
FN:4,(anonymous_0)
FN:11,(anonymous_1)
FNF:2
FNH:1
FNDA:1,(anonymous_0)
FNDA:0,(anonymous_1)
DA:4,1
DA:5,1
DA:11,0
LF:3
LH:2
BRF:0
BRH:0
end_of_record
TN:
SF:src\Components\Toggle.jsx
FN:5,(anonymous_0)
FN:11,(anonymous_1)
FN:13,(anonymous_2)
FNF:3
FNH:1
FNDA:1,(anonymous_0)
FNDA:0,(anonymous_1)
FNDA:0,(anonymous_2)
DA:5,1
DA:10,1
DA:11,0
DA:13,1
DA:17,1
LF:5
LH:4
BRDA:10,0,0,0
BRDA:10,0,1,1
BRF:2
BRH:1
end_of_record
