TN:
SF:src\Components\Queue.jsx
FN:5,(anonymous_0)
FN:26,(anonymous_1)
FN:34,(anonymous_2)
FN:38,(anonymous_3)
FN:42,(anonymous_4)
FN:46,(anonymous_5)
FN:50,(anonymous_6)
FN:56,(anonymous_7)
FN:60,(anonymous_8)
FN:64,(anonymous_9)
FN:68,(anonymous_10)
FN:72,(anonymous_11)
FN:77,(anonymous_12)
FN:81,(anonymous_13)
FN:85,(anonymous_14)
FN:99,(anonymous_15)
FN:107,(anonymous_16)
FNF:17
FNH:1
FNDA:1,(anonymous_0)
FNDA:0,(anonymous_1)
FNDA:0,(anonymous_2)
FNDA:0,(anonymous_3)
FNDA:0,(anonymous_4)
FNDA:0,(anonymous_5)
FNDA:0,(anonymous_6)
FNDA:0,(anonymous_7)
FNDA:0,(anonymous_8)
FNDA:0,(anonymous_9)
FNDA:0,(anonymous_10)
FNDA:0,(anonymous_11)
FNDA:0,(anonymous_12)
FNDA:0,(anonymous_13)
FNDA:0,(anonymous_14)
FNDA:0,(anonymous_15)
FNDA:0,(anonymous_16)
DA:5,2
DA:6,1
DA:10,1
DA:12,1
DA:13,1
DA:14,1
DA:15,1
DA:16,1
DA:18,1
DA:19,1
DA:20,1
DA:21,1
DA:22,1
DA:24,1
DA:25,1
DA:27,0
DA:28,0
DA:29,0
DA:33,1
DA:34,1
DA:37,1
DA:38,1
DA:41,1
DA:42,1
DA:45,1
DA:46,1
DA:49,1
DA:50,1
DA:53,1
DA:55,1
DA:56,1
DA:59,1
DA:60,1
DA:63,1
DA:64,1
DA:67,1
DA:68,1
DA:71,1
DA:72,1
DA:75,1
DA:77,1
DA:78,0
DA:81,1
DA:82,0
DA:85,1
DA:86,0
DA:89,1
DA:94,1
DA:100,0
DA:101,0
DA:108,0
DA:109,0
LF:52
LH:42
BRDA:24,0,0,1
BRDA:24,0,1,0
BRDA:33,1,0,1
BRDA:33,1,1,0
BRDA:37,2,0,1
BRDA:37,2,1,0
BRDA:41,3,0,1
BRDA:41,3,1,0
BRDA:45,4,0,1
BRDA:45,4,1,0
BRDA:49,5,0,1
BRDA:49,5,1,0
BRDA:55,6,0,1
BRDA:55,6,1,0
BRDA:59,7,0,1
BRDA:59,7,1,0
BRDA:63,8,0,1
BRDA:63,8,1,0
BRDA:67,9,0,1
BRDA:67,9,1,0
BRDA:71,10,0,1
BRDA:71,10,1,0
BRDA:100,11,0,0
BRDA:100,11,1,0
BRDA:108,12,0,0
BRDA:108,12,1,0
BRF:26
BRH:11
end_of_record
TN:
SF:src\Components\Ticket.jsx
FN:8,(anonymous_0)
FN:59,(anonymous_1)
FN:63,(anonymous_2)
FN:77,(anonymous_3)
FN:83,(anonymous_4)
FN:85,(anonymous_5)
FN:91,(anonymous_6)
FN:105,(anonymous_7)
FN:112,(anonymous_8)
FN:190,(anonymous_9)
FN:192,(anonymous_10)
FN:205,(anonymous_11)
FN:212,(anonymous_12)
FN:219,(anonymous_13)
FN:225,(anonymous_14)
FN:226,(anonymous_15)
FN:227,(anonymous_16)
FN:228,(anonymous_17)
FN:229,(anonymous_18)
FN:235,(anonymous_19)
FN:236,(anonymous_20)
FN:237,(anonymous_21)
FN:238,(anonymous_22)
FN:239,(anonymous_23)
FNF:24
FNH:1
FNDA:1,(anonymous_0)
FNDA:0,(anonymous_1)
FNDA:0,(anonymous_2)
FNDA:0,(anonymous_3)
FNDA:0,(anonymous_4)
FNDA:0,(anonymous_5)
FNDA:0,(anonymous_6)
FNDA:0,(anonymous_7)
FNDA:0,(anonymous_8)
FNDA:0,(anonymous_9)
FNDA:0,(anonymous_10)
FNDA:0,(anonymous_11)
FNDA:0,(anonymous_12)
FNDA:0,(anonymous_13)
FNDA:0,(anonymous_14)
FNDA:0,(anonymous_15)
FNDA:0,(anonymous_16)
FNDA:0,(anonymous_17)
FNDA:0,(anonymous_18)
FNDA:0,(anonymous_19)
FNDA:0,(anonymous_20)
FNDA:0,(anonymous_21)
FNDA:0,(anonymous_22)
FNDA:0,(anonymous_23)
DA:8,2
DA:10,1
DA:11,1
DA:14,1
DA:15,1
DA:16,1
DA:17,1
DA:18,1
DA:19,1
DA:20,1
DA:21,1
DA:22,1
DA:23,1
DA:24,1
DA:25,1
DA:26,1
DA:29,1
DA:30,1
DA:31,1
DA:32,1
DA:33,1
DA:34,1
DA:35,1
DA:36,1
DA:37,1
DA:40,1
DA:41,1
DA:42,1
DA:49,1
DA:50,0
DA:52,1
DA:56,1
DA:59,1
DA:63,1
DA:65,0
DA:76,0
DA:78,0
DA:79,0
DA:83,1
DA:84,0
DA:86,0
DA:87,0
DA:91,1
DA:92,0
DA:94,0
DA:104,0
DA:106,0
DA:107,0
DA:108,0
DA:112,1
DA:115,1
DA:116,0
DA:118,1
DA:121,1
DA:122,1
DA:124,0
DA:127,1
DA:128,1
DA:129,0
DA:130,0
DA:131,0
DA:132,0
DA:133,0
DA:134,0
DA:135,0
DA:136,0
DA:139,1
DA:140,1
DA:141,1
DA:142,0
DA:143,0
DA:144,0
DA:145,0
DA:146,0
DA:147,0
DA:148,0
DA:149,0
DA:150,0
DA:151,0
DA:152,0
DA:153,0
DA:156,1
DA:157,1
DA:158,0
DA:159,0
DA:160,0
DA:161,0
DA:162,0
DA:163,0
DA:164,0
DA:165,0
DA:169,1
DA:190,0
DA:192,0
DA:205,0
DA:212,0
DA:219,0
DA:225,0
DA:226,0
DA:227,0
DA:228,0
DA:229,0
DA:235,0
DA:236,0
DA:237,0
DA:238,0
DA:239,0
LF:107
LH:48
BRDA:49,0,0,0
BRDA:49,0,1,1
BRDA:115,1,0,0
BRDA:115,1,1,1
BRDA:121,2,0,1
BRDA:121,2,1,0
BRDA:127,3,0,1
BRDA:127,3,1,0
BRDA:129,4,0,0
BRDA:129,4,1,0
BRDA:131,5,0,0
BRDA:131,5,1,0
BRDA:133,6,0,0
BRDA:133,6,1,0
BRDA:135,7,0,0
BRDA:135,7,1,0
BRDA:139,8,0,1
BRDA:139,8,1,0
BRDA:142,9,0,0
BRDA:142,9,1,0
BRDA:145,10,0,0
BRDA:145,10,1,0
BRDA:148,11,0,0
BRDA:148,11,1,0
BRDA:151,12,0,0
BRDA:151,12,1,0
BRDA:156,13,0,1
BRDA:156,13,1,0
BRDA:158,14,0,0
BRDA:158,14,1,0
BRDA:160,15,0,0
BRDA:160,15,1,0
BRDA:162,16,0,0
BRDA:162,16,1,0
BRDA:164,17,0,0
BRDA:164,17,1,0
BRF:36
BRH:6
end_of_record
