GROUP,PACKAGE,CLASS,INSTRUCTION_MISSED,INSTRUCTION_COVERED,BRANCH_MISSED,BRANCH_COVERED,LINE_MISSED,LINE_COVERED,COMPLEXITY_MISSED,COMPLEXITY_COVERED,METHOD_MISSED,METHOD_COVERED
create-ticket,com.qa.createTicket,CreateTicketApplication,5,3,0,0,2,1,1,1,1,1
create-ticket,com.qa.createTicket.persistance.domain,Tickets,0,86,0,0,0,36,0,18,0,18
create-ticket,com.qa.createTicket.service,CreateService,0,14,0,0,0,5,0,2,0,2
create-ticket,com.qa.createTicket.rest.controller,CreateController,0,17,0,0,0,5,0,2,0,2
